2025-12-11 19:17:05,170 WARNING scapy.runtime - Mac address to reach destination not found. Using broadcast.
2025-12-11 19:19:54,805 WARNING scapy.runtime - Mac address to reach destination not found. Using broadcast.
2025-12-11 19:19:58,859 WARNING scapy.runtime - Mac address to reach destination not found. Using broadcast.
2025-12-11 19:20:02,905 WARNING scapy.runtime - Mac address to reach destination not found. Using broadcast.
2025-12-17 11:42:59,773 WARNING scapy.runtime - Mac address to reach destination not found. Using broadcast.
2025-12-17 11:43:01,867 WARNING scapy.runtime - Mac address to reach destination not found. Using broadcast.
2025-12-17 11:43:03,892 WARNING scapy.runtime - more Mac address to reach destination not found. Using broadcast.
2025-12-17 11:43:05,920 WARNING scapy.runtime - Mac address to reach destination not found. Using broadcast.
2025-12-17 11:43:07,947 WARNING scapy.runtime - Mac address to reach destination not found. Using broadcast.
2025-12-17 11:43:09,978 WARNING scapy.runtime - more Mac address to reach destination not found. Using broadcast.
2025-12-17 11:43:12,009 WARNING scapy.runtime - Mac address to reach destination not found. Using broadcast.
2025-12-17 11:43:14,033 WARNING scapy.runtime - Mac address to reach destination not found. Using broadcast.
2025-12-17 11:43:16,060 WARNING scapy.runtime - more Mac address to reach destination not found. Using broadcast.
2025-12-17 11:43:18,081 WARNING scapy.runtime - Mac address to reach destination not found. Using broadcast.
2025-12-17 11:43:20,103 WARNING scapy.runtime - Mac address to reach destination not found. Using broadcast.
2025-12-17 11:43:22,130 WARNING scapy.runtime - more Mac address to reach destination not found. Using broadcast.
2025-12-17 11:43:24,160 WARNING scapy.runtime - Mac address to reach destination not found. Using broadcast.
2025-12-17 11:43:26,191 WARNING scapy.runtime - Mac address to reach destination not found. Using broadcast.
2025-12-17 11:43:28,220 WARNING scapy.runtime - more Mac address to reach destination not found. Using broadcast.
2025-12-17 11:43:30,258 WARNING scapy.runtime - Mac address to reach destination not found. Using broadcast.
2025-12-17 11:43:32,284 WARNING scapy.runtime - Mac address to reach destination not found. Using broadcast.
2025-12-17 11:43:34,310 WARNING scapy.runtime - more Mac address to reach destination not found. Using broadcast.
2025-12-17 11:43:36,339 WARNING scapy.runtime - Mac address to reach destination not found. Using broadcast.
2025-12-17 11:43:38,374 WARNING scapy.runtime - Mac address to reach destination not found. Using broadcast.
2025-12-17 11:43:40,401 WARNING scapy.runtime - more Mac address to reach destination not found. Using broadcast.
2025-12-17 11:43:42,426 WARNING scapy.runtime - Mac address to reach destination not found. Using broadcast.
2025-12-17 11:43:44,455 WARNING scapy.runtime - Mac address to reach destination not found. Using broadcast.
2025-12-17 11:43:45,816 WARNING scapy.runtime - more Mac address to reach destination not found. Using broadcast.
2025-12-17 11:43:47,840 WARNING scapy.runtime - Mac address to reach destination not found. Using broadcast.
2025-12-17 11:43:49,876 WARNING scapy.runtime - Mac address to reach destination not found. Using broadcast.
2025-12-17 11:43:51,901 WARNING scapy.runtime - more Mac address to reach destination not found. Using broadcast.
2025-12-17 11:43:53,950 WARNING scapy.runtime - Mac address to reach destination not found. Using broadcast.
2025-12-17 11:43:55,978 WARNING scapy.runtime - Mac address to reach destination not found. Using broadcast.
2025-12-17 11:43:58,007 WARNING scapy.runtime - more Mac address to reach destination not found. Using broadcast.
2025-12-17 11:44:00,034 WARNING scapy.runtime - Mac address to reach destination not found. Using broadcast.
2025-12-17 11:44:02,071 WARNING scapy.runtime - Mac address to reach destination not found. Using broadcast.
2025-12-17 11:44:04,099 WARNING scapy.runtime - more Mac address to reach destination not found. Using broadcast.
2025-12-17 11:44:06,130 WARNING scapy.runtime - Mac address to reach destination not found. Using broadcast.
2025-12-17 11:44:08,159 WARNING scapy.runtime - Mac address to reach destination not found. Using broadcast.
2025-12-17 11:44:10,189 WARNING scapy.runtime - more Mac address to reach destination not found. Using broadcast.
2025-12-17 11:44:12,216 WARNING scapy.runtime - Mac address to reach destination not found. Using broadcast.
2025-12-17 11:44:14,248 WARNING scapy.runtime - Mac address to reach destination not found. Using broadcast.
2025-12-17 11:44:16,281 WARNING scapy.runtime - more Mac address to reach destination not found. Using broadcast.
2025-12-17 11:44:18,305 WARNING scapy.runtime - Mac address to reach destination not found. Using broadcast.
2025-12-17 11:44:20,337 WARNING scapy.runtime - Mac address to reach destination not found. Using broadcast.
2025-12-17 11:44:22,365 WARNING scapy.runtime - more Mac address to reach destination not found. Using broadcast.
2025-12-17 11:44:24,393 WARNING scapy.runtime - Mac address to reach destination not found. Using broadcast.
2025-12-17 11:44:26,415 WARNING scapy.runtime - Mac address to reach destination not found. Using broadcast.
2025-12-17 11:44:28,450 WARNING scapy.runtime - more Mac address to reach destination not found. Using broadcast.
2025-12-17 11:44:30,494 WARNING scapy.runtime - Mac address to reach destination not found. Using broadcast.
2025-12-17 11:44:32,527 WARNING scapy.runtime - Mac address to reach destination not found. Using broadcast.
2025-12-17 11:44:34,554 WARNING scapy.runtime - more Mac address to reach destination not found. Using broadcast.
2025-12-17 11:44:36,597 WARNING scapy.runtime - Mac address to reach destination not found. Using broadcast.
2025-12-17 11:44:38,654 WARNING scapy.runtime - Mac address to reach destination not found. Using broadcast.
2025-12-17 11:44:40,685 WARNING scapy.runtime - more Mac address to reach destination not found. Using broadcast.
2025-12-17 11:44:42,715 WARNING scapy.runtime - Mac address to reach destination not found. Using broadcast.
2025-12-17 11:44:44,743 WARNING scapy.runtime - Mac address to reach destination not found. Using broadcast.
2025-12-17 11:44:46,769 WARNING scapy.runtime - more Mac address to reach destination not found. Using broadcast.
2025-12-17 11:44:48,791 WARNING scapy.runtime - Mac address to reach destination not found. Using broadcast.
2025-12-17 11:44:50,816 WARNING scapy.runtime - Mac address to reach destination not found. Using broadcast.
2025-12-17 11:44:52,840 WARNING scapy.runtime - more Mac address to reach destination not found. Using broadcast.
2025-12-17 11:44:54,867 WARNING scapy.runtime - Mac address to reach destination not found. Using broadcast.
2025-12-17 11:44:56,898 WARNING scapy.runtime - Mac address to reach destination not found. Using broadcast.
2025-12-17 11:44:58,933 WARNING scapy.runtime - more Mac address to reach destination not found. Using broadcast.
2025-12-17 11:45:00,961 WARNING scapy.runtime - Mac address to reach destination not found. Using broadcast.
2025-12-17 11:45:02,993 WARNING scapy.runtime - Mac address to reach destination not found. Using broadcast.
2025-12-17 11:45:05,026 WARNING scapy.runtime - more Mac address to reach destination not found. Using broadcast.
2025-12-17 11:45:07,048 WARNING scapy.runtime - Mac address to reach destination not found. Using broadcast.
2025-12-17 11:45:09,077 WARNING scapy.runtime - Mac address to reach destination not found. Using broadcast.
2025-12-17 11:45:11,103 WARNING scapy.runtime - more Mac address to reach destination not found. Using broadcast.
2025-12-17 11:45:13,130 WARNING scapy.runtime - Mac address to reach destination not found. Using broadcast.
2025-12-17 11:45:15,158 WARNING scapy.runtime - Mac address to reach destination not found. Using broadcast.
2025-12-17 11:45:17,192 WARNING scapy.runtime - more Mac address to reach destination not found. Using broadcast.
2025-12-17 11:45:19,225 WARNING scapy.runtime - Mac address to reach destination not found. Using broadcast.
2025-12-17 11:45:21,254 WARNING scapy.runtime - Mac address to reach destination not found. Using broadcast.
2025-12-17 11:45:23,290 WARNING scapy.runtime - more Mac address to reach destination not found. Using broadcast.
2025-12-17 11:45:25,323 WARNING scapy.runtime - Mac address to reach destination not found. Using broadcast.
2025-12-17 11:45:27,352 WARNING scapy.runtime - Mac address to reach destination not found. Using broadcast.
2025-12-17 11:45:29,382 WARNING scapy.runtime - more Mac address to reach destination not found. Using broadcast.
2025-12-17 11:45:31,412 WARNING scapy.runtime - Mac address to reach destination not found. Using broadcast.
2025-12-17 11:45:33,445 WARNING scapy.runtime - Mac address to reach destination not found. Using broadcast.
2025-12-17 11:45:35,472 WARNING scapy.runtime - more Mac address to reach destination not found. Using broadcast.
2025-12-17 11:45:37,505 WARNING scapy.runtime - Mac address to reach destination not found. Using broadcast.
2025-12-17 11:45:39,530 WARNING scapy.runtime - Mac address to reach destination not found. Using broadcast.
2025-12-17 11:45:41,557 WARNING scapy.runtime - more Mac address to reach destination not found. Using broadcast.
2025-12-17 11:45:43,593 WARNING scapy.runtime - Mac address to reach destination not found. Using broadcast.
2025-12-17 11:45:45,618 WARNING scapy.runtime - Mac address to reach destination not found. Using broadcast.
2025-12-17 11:45:47,645 WARNING scapy.runtime - more Mac address to reach destination not found. Using broadcast.
2025-12-17 11:45:49,676 WARNING scapy.runtime - Mac address to reach destination not found. Using broadcast.
2025-12-17 11:45:51,705 WARNING scapy.runtime - Mac address to reach destination not found. Using broadcast.
2025-12-17 11:45:53,735 WARNING scapy.runtime - more Mac address to reach destination not found. Using broadcast.
2025-12-17 11:45:55,764 WARNING scapy.runtime - Mac address to reach destination not found. Using broadcast.
2025-12-17 11:45:57,793 WARNING scapy.runtime - Mac address to reach destination not found. Using broadcast.
2025-12-17 11:45:59,820 WARNING scapy.runtime - more Mac address to reach destination not found. Using broadcast.
2025-12-17 11:46:01,852 WARNING scapy.runtime - Mac address to reach destination not found. Using broadcast.
2025-12-17 11:46:03,877 WARNING scapy.runtime - Mac address to reach destination not found. Using broadcast.
2025-12-17 11:46:05,905 WARNING scapy.runtime - more Mac address to reach destination not found. Using broadcast.
2025-12-17 11:46:07,938 WARNING scapy.runtime - Mac address to reach destination not found. Using broadcast.
2025-12-17 11:46:09,967 WARNING scapy.runtime - Mac address to reach destination not found. Using broadcast.
2025-12-17 11:46:11,996 WARNING scapy.runtime - more Mac address to reach destination not found. Using broadcast.
2025-12-17 11:46:14,021 WARNING scapy.runtime - Mac address to reach destination not found. Using broadcast.
2025-12-17 11:46:16,046 WARNING scapy.runtime - Mac address to reach destination not found. Using broadcast.
2025-12-17 11:46:18,074 WARNING scapy.runtime - more Mac address to reach destination not found. Using broadcast.
2025-12-17 11:46:20,103 WARNING scapy.runtime - Mac address to reach destination not found. Using broadcast.
2025-12-17 11:46:22,136 WARNING scapy.runtime - Mac address to reach destination not found. Using broadcast.
2025-12-17 11:46:24,161 WARNING scapy.runtime - more Mac address to reach destination not found. Using broadcast.
2025-12-17 11:46:26,185 WARNING scapy.runtime - Mac address to reach destination not found. Using broadcast.
2025-12-17 11:46:28,213 WARNING scapy.runtime - Mac address to reach destination not found. Using broadcast.
2025-12-17 11:46:30,238 WARNING scapy.runtime - more Mac address to reach destination not found. Using broadcast.
2025-12-17 11:46:32,268 WARNING scapy.runtime - Mac address to reach destination not found. Using broadcast.
2025-12-17 11:46:34,295 WARNING scapy.runtime - Mac address to reach destination not found. Using broadcast.
2025-12-17 11:46:36,325 WARNING scapy.runtime - more Mac address to reach destination not found. Using broadcast.
2025-12-17 11:46:38,353 WARNING scapy.runtime - Mac address to reach destination not found. Using broadcast.
2025-12-17 11:46:40,377 WARNING scapy.runtime - Mac address to reach destination not found. Using broadcast.
2025-12-17 11:46:42,407 WARNING scapy.runtime - more Mac address to reach destination not found. Using broadcast.
2025-12-17 11:46:44,437 WARNING scapy.runtime - Mac address to reach destination not found. Using broadcast.
2025-12-17 11:46:46,471 WARNING scapy.runtime - Mac address to reach destination not found. Using broadcast.
2025-12-17 11:46:48,499 WARNING scapy.runtime - more Mac address to reach destination not found. Using broadcast.
2025-12-17 11:46:50,528 WARNING scapy.runtime - Mac address to reach destination not found. Using broadcast.
2025-12-17 11:46:52,558 WARNING scapy.runtime - Mac address to reach destination not found. Using broadcast.
2025-12-17 11:46:54,590 WARNING scapy.runtime - more Mac address to reach destination not found. Using broadcast.
2025-12-17 11:46:56,621 WARNING scapy.runtime - Mac address to reach destination not found. Using broadcast.
2025-12-17 11:46:58,660 WARNING scapy.runtime - Mac address to reach destination not found. Using broadcast.
2025-12-17 11:47:00,687 WARNING scapy.runtime - more Mac address to reach destination not found. Using broadcast.
2025-12-17 11:47:02,716 WARNING scapy.runtime - Mac address to reach destination not found. Using broadcast.
2025-12-17 11:47:04,746 WARNING scapy.runtime - Mac address to reach destination not found. Using broadcast.
2025-12-17 11:47:06,775 WARNING scapy.runtime - more Mac address to reach destination not found. Using broadcast.
2025-12-17 11:47:08,804 WARNING scapy.runtime - Mac address to reach destination not found. Using broadcast.
2025-12-17 11:47:10,833 WARNING scapy.runtime - Mac address to reach destination not found. Using broadcast.
2025-12-17 11:47:12,861 WARNING scapy.runtime - more Mac address to reach destination not found. Using broadcast.
2025-12-17 11:47:14,887 WARNING scapy.runtime - Mac address to reach destination not found. Using broadcast.
2025-12-17 11:47:16,913 WARNING scapy.runtime - Mac address to reach destination not found. Using broadcast.
2025-12-17 11:47:18,946 WARNING scapy.runtime - more Mac address to reach destination not found. Using broadcast.
2025-12-17 11:47:20,973 WARNING scapy.runtime - Mac address to reach destination not found. Using broadcast.
2025-12-17 11:47:22,999 WARNING scapy.runtime - Mac address to reach destination not found. Using broadcast.
2025-12-17 11:47:25,026 WARNING scapy.runtime - more Mac address to reach destination not found. Using broadcast.
2025-12-17 11:47:27,208 WARNING scapy.runtime - Mac address to reach destination not found. Using broadcast.
2025-12-17 11:47:29,236 WARNING scapy.runtime - Mac address to reach destination not found. Using broadcast.
2025-12-17 11:47:31,260 WARNING scapy.runtime - more Mac address to reach destination not found. Using broadcast.
2025-12-17 11:47:33,285 WARNING scapy.runtime - Mac address to reach destination not found. Using broadcast.
2025-12-17 11:47:35,314 WARNING scapy.runtime - Mac address to reach destination not found. Using broadcast.
2025-12-17 11:47:37,342 WARNING scapy.runtime - more Mac address to reach destination not found. Using broadcast.
2025-12-17 11:47:39,372 WARNING scapy.runtime - Mac address to reach destination not found. Using broadcast.
2025-12-17 11:47:41,394 WARNING scapy.runtime - Mac address to reach destination not found. Using broadcast.
2025-12-17 11:47:43,417 WARNING scapy.runtime - more Mac address to reach destination not found. Using broadcast.
2025-12-17 11:47:45,443 WARNING scapy.runtime - Mac address to reach destination not found. Using broadcast.
2025-12-17 11:47:47,478 WARNING scapy.runtime - Mac address to reach destination not found. Using broadcast.
2025-12-17 11:47:49,503 WARNING scapy.runtime - more Mac address to reach destination not found. Using broadcast.
2025-12-17 11:47:51,530 WARNING scapy.runtime - Mac address to reach destination not found. Using broadcast.
2025-12-17 11:47:53,556 WARNING scapy.runtime - Mac address to reach destination not found. Using broadcast.
2025-12-17 11:47:55,582 WARNING scapy.runtime - more Mac address to reach destination not found. Using broadcast.
2025-12-17 11:47:57,610 WARNING scapy.runtime - Mac address to reach destination not found. Using broadcast.
2025-12-17 11:47:59,643 WARNING scapy.runtime - Mac address to reach destination not found. Using broadcast.
2025-12-17 11:48:01,676 WARNING scapy.runtime - more Mac address to reach destination not found. Using broadcast.
2025-12-17 11:48:03,707 WARNING scapy.runtime - Mac address to reach destination not found. Using broadcast.
2025-12-17 11:48:05,733 WARNING scapy.runtime - Mac address to reach destination not found. Using broadcast.
2025-12-17 11:48:07,760 WARNING scapy.runtime - more Mac address to reach destination not found. Using broadcast.
2025-12-17 11:48:09,791 WARNING scapy.runtime - Mac address to reach destination not found. Using broadcast.
2025-12-17 11:48:11,827 WARNING scapy.runtime - Mac address to reach destination not found. Using broadcast.
2025-12-17 11:48:13,855 WARNING scapy.runtime - more Mac address to reach destination not found. Using broadcast.
2025-12-17 11:48:15,884 WARNING scapy.runtime - Mac address to reach destination not found. Using broadcast.
2025-12-17 11:48:17,911 WARNING scapy.runtime - Mac address to reach destination not found. Using broadcast.
2025-12-17 11:48:19,935 WARNING scapy.runtime - more Mac address to reach destination not found. Using broadcast.
2025-12-17 11:48:21,959 WARNING scapy.runtime - Mac address to reach destination not found. Using broadcast.
2025-12-17 11:48:23,987 WARNING scapy.runtime - Mac address to reach destination not found. Using broadcast.
2025-12-17 11:48:26,013 WARNING scapy.runtime - more Mac address to reach destination not found. Using broadcast.
2025-12-17 11:48:28,043 WARNING scapy.runtime - Mac address to reach destination not found. Using broadcast.
2025-12-17 11:48:30,091 WARNING scapy.runtime - Mac address to reach destination not found. Using broadcast.
2025-12-17 11:48:32,113 WARNING scapy.runtime - more Mac address to reach destination not found. Using broadcast.
2025-12-17 11:48:34,143 WARNING scapy.runtime - Mac address to reach destination not found. Using broadcast.
2025-12-17 11:48:36,178 WARNING scapy.runtime - Mac address to reach destination not found. Using broadcast.
2025-12-17 11:48:38,205 WARNING scapy.runtime - more Mac address to reach destination not found. Using broadcast.
2025-12-17 11:48:40,229 WARNING scapy.runtime - Mac address to reach destination not found. Using broadcast.
2025-12-17 11:48:42,260 WARNING scapy.runtime - Mac address to reach destination not found. Using broadcast.
2025-12-17 11:48:44,286 WARNING scapy.runtime - more Mac address to reach destination not found. Using broadcast.
2025-12-17 11:48:46,317 WARNING scapy.runtime - Mac address to reach destination not found. Using broadcast.
2025-12-17 11:48:48,347 WARNING scapy.runtime - Mac address to reach destination not found. Using broadcast.
2025-12-17 11:48:50,377 WARNING scapy.runtime - more Mac address to reach destination not found. Using broadcast.
2025-12-17 11:48:52,403 WARNING scapy.runtime - Mac address to reach destination not found. Using broadcast.
2025-12-17 11:48:54,436 WARNING scapy.runtime - Mac address to reach destination not found. Using broadcast.
2025-12-17 11:48:56,469 WARNING scapy.runtime - more Mac address to reach destination not found. Using broadcast.
2025-12-17 11:48:58,496 WARNING scapy.runtime - Mac address to reach destination not found. Using broadcast.
2025-12-17 11:49:00,522 WARNING scapy.runtime - Mac address to reach destination not found. Using broadcast.
2025-12-17 11:49:02,548 WARNING scapy.runtime - more Mac address to reach destination not found. Using broadcast.
2025-12-17 11:49:04,577 WARNING scapy.runtime - Mac address to reach destination not found. Using broadcast.
2025-12-17 11:49:06,605 WARNING scapy.runtime - Mac address to reach destination not found. Using broadcast.
2025-12-17 11:49:08,631 WARNING scapy.runtime - more Mac address to reach destination not found. Using broadcast.
2025-12-17 11:49:10,658 WARNING scapy.runtime - Mac address to reach destination not found. Using broadcast.
2025-12-17 11:49:12,689 WARNING scapy.runtime - Mac address to reach destination not found. Using broadcast.
2025-12-17 11:49:14,718 WARNING scapy.runtime - more Mac address to reach destination not found. Using broadcast.
2025-12-17 11:49:16,750 WARNING scapy.runtime - Mac address to reach destination not found. Using broadcast.
2025-12-17 11:49:18,789 WARNING scapy.runtime - Mac address to reach destination not found. Using broadcast.
2025-12-17 11:49:20,820 WARNING scapy.runtime - more Mac address to reach destination not found. Using broadcast.
2025-12-17 11:49:22,846 WARNING scapy.runtime - Mac address to reach destination not found. Using broadcast.
2025-12-17 11:49:24,874 WARNING scapy.runtime - Mac address to reach destination not found. Using broadcast.
2025-12-17 11:49:26,901 WARNING scapy.runtime - more Mac address to reach destination not found. Using broadcast.
2025-12-17 11:49:28,938 WARNING scapy.runtime - Mac address to reach destination not found. Using broadcast.
2025-12-17 11:49:30,968 WARNING scapy.runtime - Mac address to reach destination not found. Using broadcast.
2025-12-17 11:49:32,995 WARNING scapy.runtime - more Mac address to reach destination not found. Using broadcast.
2025-12-17 11:49:35,023 WARNING scapy.runtime - Mac address to reach destination not found. Using broadcast.
2025-12-17 11:49:37,052 WARNING scapy.runtime - Mac address to reach destination not found. Using broadcast.
2025-12-17 11:49:39,092 WARNING scapy.runtime - more Mac address to reach destination not found. Using broadcast.
2025-12-17 11:49:41,129 WARNING scapy.runtime - Mac address to reach destination not found. Using broadcast.
2025-12-17 11:49:43,154 WARNING scapy.runtime - Mac address to reach destination not found. Using broadcast.
2025-12-17 11:49:45,182 WARNING scapy.runtime - more Mac address to reach destination not found. Using broadcast.
2025-12-17 11:49:47,214 WARNING scapy.runtime - Mac address to reach destination not found. Using broadcast.
2025-12-17 11:49:47,691 WARNING scapy.runtime - Socket <scapy.arch.linux.L2Socket object at 0x7a7b1ed9aef0> failed with '[Errno 100] Network is down'. It was closed.
2025-12-17 11:49:47,697 WARNING scapy.runtime - Mac address to reach destination not found. Using broadcast.
2025-12-17 11:49:47,701 ERROR scapy.runtime - --- Error sending packets
Traceback (most recent call last):
  File "/home/ayush/Desktop/Network Scanning /venv/lib/python3.10/site-packages/scapy/sendrecv.py", line 248, in _sndrcv_snd
    self.pks.send(p)
  File "/home/ayush/Desktop/Network Scanning /venv/lib/python3.10/site-packages/scapy/arch/linux.py", line 618, in send
    return self.outs.sendto(sx, sdto)
OSError: [Errno 100] Network is down
2025-12-17 11:49:47,714 WARNING scapy.runtime - Socket <scapy.arch.linux.L3PacketSocket object at 0x7a7b1ee4cb50> failed with '[Errno 100] Network is down'. It was closed.
2025-12-17 11:49:47,724 ERROR network_scanner - Error scanning port 80 on 192.168.227.27/24
Traceback (most recent call last):
  File "/home/ayush/Desktop/Network Scanning /src/scanner.py", line 51, in tcp_scan
    response = sr1(packet, timeout=self.timeout, verbose=0)
  File "/home/ayush/Desktop/Network Scanning /venv/lib/python3.10/site-packages/scapy/sendrecv.py", line 663, in sr1
    ans, _ = sr(*args, **kargs)
  File "/home/ayush/Desktop/Network Scanning /venv/lib/python3.10/site-packages/scapy/sendrecv.py", line 650, in sr
    s = conf.L3socket(promisc=promisc, filter=filter,
  File "/home/ayush/Desktop/Network Scanning /venv/lib/python3.10/site-packages/scapy/arch/linux.py", line 501, in __init__
    _flush_fd(self.ins.fileno())
  File "/home/ayush/Desktop/Network Scanning /venv/lib/python3.10/site-packages/scapy/arch/linux.py", line 464, in _flush_fd
    os.read(fd, MTU)
OSError: [Errno 100] Network is down
2025-12-17 11:49:47,743 ERROR network_scanner - Error scanning port 443 on 192.168.227.27/24
Traceback (most recent call last):
  File "/home/ayush/Desktop/Network Scanning /src/scanner.py", line 51, in tcp_scan
    response = sr1(packet, timeout=self.timeout, verbose=0)
  File "/home/ayush/Desktop/Network Scanning /venv/lib/python3.10/site-packages/scapy/sendrecv.py", line 663, in sr1
    ans, _ = sr(*args, **kargs)
  File "/home/ayush/Desktop/Network Scanning /venv/lib/python3.10/site-packages/scapy/sendrecv.py", line 650, in sr
    s = conf.L3socket(promisc=promisc, filter=filter,
  File "/home/ayush/Desktop/Network Scanning /venv/lib/python3.10/site-packages/scapy/arch/linux.py", line 501, in __init__
    _flush_fd(self.ins.fileno())
  File "/home/ayush/Desktop/Network Scanning /venv/lib/python3.10/site-packages/scapy/arch/linux.py", line 464, in _flush_fd
    os.read(fd, MTU)
OSError: [Errno 100] Network is down
2025-12-17 11:49:47,760 ERROR network_scanner - Error scanning port 8080 on 192.168.227.27/24
Traceback (most recent call last):
  File "/home/ayush/Desktop/Network Scanning /src/scanner.py", line 51, in tcp_scan
    response = sr1(packet, timeout=self.timeout, verbose=0)
  File "/home/ayush/Desktop/Network Scanning /venv/lib/python3.10/site-packages/scapy/sendrecv.py", line 663, in sr1
    ans, _ = sr(*args, **kargs)
  File "/home/ayush/Desktop/Network Scanning /venv/lib/python3.10/site-packages/scapy/sendrecv.py", line 650, in sr
    s = conf.L3socket(promisc=promisc, filter=filter,
  File "/home/ayush/Desktop/Network Scanning /venv/lib/python3.10/site-packages/scapy/arch/linux.py", line 501, in __init__
    _flush_fd(self.ins.fileno())
  File "/home/ayush/Desktop/Network Scanning /venv/lib/python3.10/site-packages/scapy/arch/linux.py", line 464, in _flush_fd
    os.read(fd, MTU)
OSError: [Errno 100] Network is down
2025-12-17 11:49:47,776 ERROR network_scanner - Error scanning UDP port 80 on 192.168.227.27/24
Traceback (most recent call last):
  File "/home/ayush/Desktop/Network Scanning /src/scanner.py", line 89, in udp_scan
    response = sr1(packet, timeout=self.timeout, verbose=0)
  File "/home/ayush/Desktop/Network Scanning /venv/lib/python3.10/site-packages/scapy/sendrecv.py", line 663, in sr1
    ans, _ = sr(*args, **kargs)
  File "/home/ayush/Desktop/Network Scanning /venv/lib/python3.10/site-packages/scapy/sendrecv.py", line 650, in sr
    s = conf.L3socket(promisc=promisc, filter=filter,
  File "/home/ayush/Desktop/Network Scanning /venv/lib/python3.10/site-packages/scapy/arch/linux.py", line 501, in __init__
    _flush_fd(self.ins.fileno())
  File "/home/ayush/Desktop/Network Scanning /venv/lib/python3.10/site-packages/scapy/arch/linux.py", line 464, in _flush_fd
    os.read(fd, MTU)
OSError: [Errno 100] Network is down
2025-12-17 11:49:47,802 ERROR network_scanner - Error scanning UDP port 443 on 192.168.227.27/24
Traceback (most recent call last):
  File "/home/ayush/Desktop/Network Scanning /src/scanner.py", line 89, in udp_scan
    response = sr1(packet, timeout=self.timeout, verbose=0)
  File "/home/ayush/Desktop/Network Scanning /venv/lib/python3.10/site-packages/scapy/sendrecv.py", line 663, in sr1
    ans, _ = sr(*args, **kargs)
  File "/home/ayush/Desktop/Network Scanning /venv/lib/python3.10/site-packages/scapy/sendrecv.py", line 650, in sr
    s = conf.L3socket(promisc=promisc, filter=filter,
  File "/home/ayush/Desktop/Network Scanning /venv/lib/python3.10/site-packages/scapy/arch/linux.py", line 501, in __init__
    _flush_fd(self.ins.fileno())
  File "/home/ayush/Desktop/Network Scanning /venv/lib/python3.10/site-packages/scapy/arch/linux.py", line 464, in _flush_fd
    os.read(fd, MTU)
OSError: [Errno 100] Network is down
2025-12-17 11:49:47,822 ERROR network_scanner - Error scanning UDP port 8080 on 192.168.227.27/24
Traceback (most recent call last):
  File "/home/ayush/Desktop/Network Scanning /src/scanner.py", line 89, in udp_scan
    response = sr1(packet, timeout=self.timeout, verbose=0)
  File "/home/ayush/Desktop/Network Scanning /venv/lib/python3.10/site-packages/scapy/sendrecv.py", line 663, in sr1
    ans, _ = sr(*args, **kargs)
  File "/home/ayush/Desktop/Network Scanning /venv/lib/python3.10/site-packages/scapy/sendrecv.py", line 650, in sr
    s = conf.L3socket(promisc=promisc, filter=filter,
  File "/home/ayush/Desktop/Network Scanning /venv/lib/python3.10/site-packages/scapy/arch/linux.py", line 501, in __init__
    _flush_fd(self.ins.fileno())
  File "/home/ayush/Desktop/Network Scanning /venv/lib/python3.10/site-packages/scapy/arch/linux.py", line 464, in _flush_fd
    os.read(fd, MTU)
OSError: [Errno 100] Network is down
2025-12-18 10:49:40,244 WARNING scapy.runtime - No route found (no default route?)
2025-12-18 10:49:40,314 WARNING scapy.runtime - No route found (no default route?)
2025-12-18 10:49:40,320 WARNING scapy.runtime - more No route found (no default route?)
2025-12-18 10:49:46,405 WARNING scapy.runtime - No route found (no default route?)
2025-12-18 10:49:46,414 WARNING scapy.runtime - No route found (no default route?)
2025-12-18 10:49:46,416 WARNING scapy.runtime - more No route found (no default route?)
2025-12-18 10:54:15,740 WARNING scapy.runtime - Mac address to reach destination not found. Using broadcast.
